#
# A fatal error has been detected by the Java Runtime Environment:
#
#  SIGSEGV (0xb) at pc=0x00007fff8e2cd0dd, pid=13261, tid=1811
#
# JRE version: Java(TM) SE Runtime Environment (7.0_71-b14) (build 1.7.0_71-b14)
# Java VM: Java HotSpot(TM) 64-Bit Server VM (24.71-b01 mixed mode bsd-amd64 compressed oops)
# Problematic frame:
# C  [libobjc.A.dylib+0x10dd]  objc_msgSend+0x1d
#
# Failed to write core dump. Core dumps have been disabled. To enable core dumping, try "ulimit -c unlimited" before starting Java again
#
# If you would like to submit a bug report, please visit:
#   http://bugreport.sun.com/bugreport/crash.jsp
# The crash happened outside the Java Virtual Machine in native code.
# See problematic frame for where to report the bug.
#

---------------  T H R E A D  ---------------

Current thread (0x00007f92928a9000):  JavaThread "AppKit Thread" daemon [_thread_in_native, id=1811, stack(0x00007fff4fbb5000,0x00007fff4fc35000)]

siginfo:si_signo=SIGSEGV: si_errno=0, si_code=1 (SEGV_MAPERR), si_addr=0x00006d5100000018

Registers:
RAX=0x0000000000000000, RBX=0x00007f9291dcbb30, RCX=0x0000000000000000, RDX=0x00007f9291c7a350
RSP=0x00007fff4fc2fbb8, RBP=0x00007fff4fc2fbe0, RSI=0x00007fff9131ebb2, RDI=0x00007f9291dcbb30
R8 =0x0000000000000001, R9 =0x0000000000000001, R10=0x00007fff9131ebb2, R11=0x00006d5100000000
R12=0x00007f9291c7a350, R13=0x00007f9291d897b0, R14=0x00007f9291c7a350, R15=0x00007fff4fc300d0
RIP=0x00007fff8e2cd0dd, EFLAGS=0x0000000000010206, ERR=0x0000000000000004
  TRAPNO=0x000000000000000e

Top of Stack: (sp=0x00007fff4fc2fbb8)
0x00007fff4fc2fbb8:   000000011ffaaf4e 00007f9291c7a350
0x00007fff4fc2fbc8:   000000011ffdecb8 00007f9291d897b0
0x00007fff4fc2fbd8:   0000000000000094 00007fff4fc300c0
0x00007fff4fc2fbe8:   00007fff90aa38c5 0000000000000000
0x00007fff4fc2fbf8:   0000000000000000 4089000000000000
0x00007fff4fc2fc08:   4082c00000000000 0000000000000000
0x00007fff4fc2fc18:   0000000000000000 4089000000000000
0x00007fff4fc2fc28:   4082c00000000000 4089000000000000
0x00007fff4fc2fc38:   4083700000000000 401c000000000000
0x00007fff4fc2fc48:   4082d80000000000 402c000000000000
0x00007fff4fc2fc58:   4030000000000000 401c000000000000
0x00007fff4fc2fc68:   0000000000000000 0000000000000000
0x00007fff4fc2fc78:   4030000000000000 00007fff912e333e
0x00007fff4fc2fc88:   4008000000000000 00007f9291da5320
0x00007fff4fc2fc98:   0000000100000000 0000000000000000
0x00007fff4fc2fca8:   00007f9291c4d420 00007fff4fc2fe00
0x00007fff4fc2fcb8:   00007fff90b69d16 00007fff4fc2fe00
0x00007fff4fc2fcc8:   00007fff90b6a802 402c000000000000
0x00007fff4fc2fcd8:   4030000000000000 401c000000000000
0x00007fff4fc2fce8:   4082d80000000000 402c000000000000
0x00007fff4fc2fcf8:   4030000000000000 0000000000000000
0x00007fff4fc2fd08:   0000000000000000 4089000000000000
0x00007fff4fc2fd18:   4083700000000000 401c000000000000
0x00007fff4fc2fd28:   4082d80000000000 000000010ffe9400
0x00007fff4fc2fd38:   00007f9294005530 00000000000000b0
0x00007fff4fc2fd48:   0000000000000001 0000000000000054
0x00007fff4fc2fd58:   000000010ffe5000 00007fff4fc2fe00
0x00007fff4fc2fd68:   00007fff996614ff 00000000000000b8
0x00007fff4fc2fd78:   000000010ffe5000 00007fff4fc2fe20
0x00007fff4fc2fd88:   0000000000000055 00007fff4fc2fe8f
0x00007fff4fc2fd98:   0000000000080000 00007f92940fc080
0x00007fff4fc2fda8:   00007f9294005480 0000000000000019 

Instructions: (pc=0x00007fff8e2cd0dd)
0x00007fff8e2cd0bd:   00 00 00 48 85 ff 2e 74 7a 40 f6 c7 01 2e 75 7e
0x00007fff8e2cd0cd:   49 bb f8 ff ff ff ff 7f 00 00 4c 23 1f 49 89 f2
0x00007fff8e2cd0dd:   45 23 53 18 49 c1 e2 04 4d 03 53 10 49 3b 32 75
0x00007fff8e2cd0ed:   04 41 ff 62 08 49 83 3a 00 74 6a 4d 3b 53 10 74 

Register to memory mapping:

RAX=0x0000000000000000 is an unknown value
RBX=0x00007f9291dcbb30 is an unknown value
RCX=0x0000000000000000 is an unknown value
RDX=0x00007f9291c7a350 is an unknown value
RSP=0x00007fff4fc2fbb8 is pointing into the stack for thread: 0x00007f92928a9000
RBP=0x00007fff4fc2fbe0 is pointing into the stack for thread: 0x00007f92928a9000
RSI=0x00007fff9131ebb2: -[NSTitlebarContainerView shouldRoundCorners]+0x5c5a4 in /System/Library/Frameworks/AppKit.framework/Versions/C/AppKit at 0x00007fff90955000
RDI=0x00007f9291dcbb30 is an unknown value
R8 =0x0000000000000001 is an unknown value
R9 =0x0000000000000001 is an unknown value
R10=0x00007fff9131ebb2: -[NSTitlebarContainerView shouldRoundCorners]+0x5c5a4 in /System/Library/Frameworks/AppKit.framework/Versions/C/AppKit at 0x00007fff90955000
R11=0x00006d5100000000 is an unknown value
R12=0x00007f9291c7a350 is an unknown value
R13=0x00007f9291d897b0 is an unknown value
R14=0x00007f9291c7a350 is an unknown value
R15=0x00007fff4fc300d0 is pointing into the stack for thread: 0x00007f92928a9000


Stack: [0x00007fff4fbb5000,0x00007fff4fc35000],  sp=0x00007fff4fc2fbb8,  free space=490k
Native frames: (J=compiled Java code, j=interpreted, Vv=VM code, C=native code)
C  [libobjc.A.dylib+0x10dd]  objc_msgSend+0x1d
C  [AppKit+0x14e8c5]  -[NSView _recursiveDisplayRectIfNeededIgnoringOpacity:isVisibleRect:rectIsVisibleRectForView:topView:]+0x740
C  [AppKit+0x14f920]  -[NSView _recursiveDisplayRectIfNeededIgnoringOpacity:isVisibleRect:rectIsVisibleRectForView:topView:]+0x179b
C  [AppKit+0x14dc73]  -[NSThemeFrame _recursiveDisplayRectIfNeededIgnoringOpacity:isVisibleRect:rectIsVisibleRectForView:topView:]+0x14d
C  [AppKit+0x14a7cb]  -[NSView _displayRectIgnoringOpacity:isVisibleRect:rectIsVisibleRectForView:]+0xac9
C  [AppKit+0x1291ca]  -[NSView displayIfNeeded]+0x754
C  [AppKit+0x1466c5]  -[NSWindow displayIfNeeded]+0xe8
C  [AppKit+0x1838c2]  _handleWindowNeedsDisplayOrLayoutOrUpdateConstraints+0x3a8
C  [AppKit+0x748d91]  __83-[NSWindow _postWindowNeedsDisplayOrLayoutOrUpdateConstraintsUnlessPostingDisabled]_block_invoke1523+0x2e
C  [CoreFoundation+0x7fd87]  __CFRUNLOOP_IS_CALLING_OUT_TO_AN_OBSERVER_CALLBACK_FUNCTION__+0x17
C  [CoreFoundation+0x7fce0]  __CFRunLoopDoObservers+0x170
C  [CoreFoundation+0x71de8]  __CFRunLoopRun+0x368
C  [CoreFoundation+0x71838]  CFRunLoopRunSpecific+0x128
C  [HIToolbox+0x2e43f]  RunCurrentEventLoopInMode+0xeb
C  [HIToolbox+0x2e0be]  ReceiveNextEventCommon+0xb3
C  [HIToolbox+0x2dffb]  _BlockUntilNextEventMatchingListInModeWithFilter+0x47
C  [AppKit+0x24821]  _DPSNextEvent+0x3c4
C  [AppKit+0x23fd0]  -[NSApplication nextEventMatchingMask:untilDate:inMode:dequeue:]+0xc2
C  [libosxapp.dylib+0x24e3]  -[NSApplicationAWT nextEventMatchingMask:untilDate:inMode:dequeue:]+0x7c
C  [AppKit+0x17f73]  -[NSApplication run]+0x252
C  [libosxapp.dylib+0x2346]  +[NSApplicationAWT runAWTLoopWithApp:]+0x9c
C  [liblwawt.dylib+0xd539]  -[AWTStarter starter:]+0x369
C  [Foundation+0x65f4c]  __NSThreadPerformPerform+0x125
C  [CoreFoundation+0x80661]  __CFRUNLOOP_IS_CALLING_OUT_TO_A_SOURCE0_PERFORM_FUNCTION__+0x11
C  [CoreFoundation+0x727ed]  __CFRunLoopDoSources0+0x10d
C  [CoreFoundation+0x71e1f]  __CFRunLoopRun+0x39f
C  [CoreFoundation+0x71838]  CFRunLoopRunSpecific+0x128
C  [java+0x73b0]  CreateExecutionEnvironment+0x367
C  [java+0x1b5c]  JLI_Launch+0x7a0
C  [java+0x770d]  main+0x65
C  [java+0x13b4]  start+0x34


---------------  P R O C E S S  ---------------

Java Threads: ( => current thread )
  0x00007f929214f000 JavaThread "AWT-Shutdown" [_thread_blocked, id=26643, stack(0x000000011d537000,0x000000011d637000)]
=>0x00007f92928a9000 JavaThread "AppKit Thread" daemon [_thread_in_native, id=1811, stack(0x00007fff4fbb5000,0x00007fff4fc35000)]
  0x00007f9292062000 JavaThread "Service Thread" daemon [_thread_blocked, id=16643, stack(0x000000011bc0d000,0x000000011bd0d000)]
  0x00007f9292829800 JavaThread "C2 CompilerThread1" daemon [_thread_blocked, id=16131, stack(0x000000011bb0a000,0x000000011bc0a000)]
  0x00007f9292076800 JavaThread "C2 CompilerThread0" daemon [_thread_blocked, id=15619, stack(0x000000011ba07000,0x000000011bb07000)]
  0x00007f9292061800 JavaThread "Signal Dispatcher" daemon [_thread_blocked, id=15127, stack(0x000000011b904000,0x000000011ba04000)]
  0x00007f9292049800 JavaThread "Finalizer" daemon [_thread_blocked, id=10499, stack(0x0000000119fd6000,0x000000011a0d6000)]
  0x00007f9292043000 JavaThread "Reference Handler" daemon [_thread_blocked, id=9987, stack(0x0000000119ed3000,0x0000000119fd3000)]
  0x00007f9292006000 JavaThread "main" [_thread_in_native, id=4867, stack(0x0000000111001000,0x0000000111101000)]

Other Threads:
  0x00007f929281d800 VMThread [stack: 0x0000000119dd0000,0x0000000119ed0000] [id=9475]
  0x00007f9292077000 WatcherThread [stack: 0x000000011bd10000,0x000000011be10000] [id=17155]

VM state:not at safepoint (normal execution)

VM Mutex/Monitor currently owned by a thread: None

Heap
 PSYoungGen      total 38912K, used 6295K [0x00000007d5500000, 0x00000007d8000000, 0x0000000800000000)
  eden space 33792K, 18% used [0x00000007d5500000,0x00000007d5b25f80,0x00000007d7600000)
  from space 5120K, 0% used [0x00000007d7b00000,0x00000007d7b00000,0x00000007d8000000)
  to   space 5120K, 0% used [0x00000007d7600000,0x00000007d7600000,0x00000007d7b00000)
 ParOldGen       total 87040K, used 0K [0x0000000780000000, 0x0000000785500000, 0x00000007d5500000)
  object space 87040K, 0% used [0x0000000780000000,0x0000000780000000,0x0000000785500000)
 PSPermGen       total 21504K, used 4829K [0x000000077ae00000, 0x000000077c300000, 0x0000000780000000)
  object space 21504K, 22% used [0x000000077ae00000,0x000000077b2b7608,0x000000077c300000)

Card table byte_map: [0x00000001141c3000,0x00000001145ed000] byte_map_base: 0x00000001105ec000

Polling page: 0x0000000110b7d000

Code Cache  [0x0000000111103000, 0x0000000111373000, 0x0000000114103000)
 total_blobs=313 nmethods=40 adapters=228 free_code_cache=48664Kb largest_free_block=49807616

Compilation events (10 events):
Event: 18.525 Thread 0x00007f9292829800   36             java.util.ArrayList::access$100 (5 bytes)
Event: 18.526 Thread 0x00007f9292829800 nmethod 36 0x0000000111175e90 code [0x0000000111175fc0, 0x0000000111176018]
Event: 22.013 Thread 0x00007f9292076800   37             java.nio.DirectIntBufferU::ix (10 bytes)
Event: 22.013 Thread 0x00007f9292076800 nmethod 37 0x000000011117a150 code [0x000000011117a280, 0x000000011117a2f8]
Event: 23.080 Thread 0x00007f9292829800   38             java.util.ArrayList$Itr::hasNext (20 bytes)
Event: 23.081 Thread 0x00007f9292829800 nmethod 38 0x000000011117a350 code [0x000000011117a480, 0x000000011117a518]
Event: 24.613 Thread 0x00007f9292076800   39             java.nio.Buffer::limit (62 bytes)
Event: 24.614 Thread 0x00007f9292076800 nmethod 39 0x000000011117a5d0 code [0x000000011117a700, 0x000000011117a798]
Event: 26.084 Thread 0x00007f9292076800   40             graphics.Renderer::draw (366 bytes)
Event: 26.170 Thread 0x00007f9292076800 nmethod 40 0x000000011117d1d0 code [0x000000011117d7c0, 0x000000011117f950]

GC Heap History (0 events):
No events

Deoptimization events (0 events):
No events

Internal exceptions (10 events):
Event: 5.196 Thread 0x00007f9292006000 Threw 0x00000007d5a2e7f0 at /HUDSON/workspace/7u-2-build-macosx-x86_64/jdk7u71/1605/hotspot/src/share/vm/prims/jvm.cpp:1281
Event: 5.197 Thread 0x00007f9292006000 Threw 0x00000007d5a385a8 at /HUDSON/workspace/7u-2-build-macosx-x86_64/jdk7u71/1605/hotspot/src/share/vm/prims/jvm.cpp:1281
Event: 5.199 Thread 0x00007f9292006000 Threw 0x00000007d5a3bb80 at /HUDSON/workspace/7u-2-build-macosx-x86_64/jdk7u71/1605/hotspot/src/share/vm/prims/jvm.cpp:1281
Event: 5.200 Thread 0x00007f9292006000 Threw 0x00000007d5a42588 at /HUDSON/workspace/7u-2-build-macosx-x86_64/jdk7u71/1605/hotspot/src/share/vm/prims/jvm.cpp:1281
Event: 5.202 Thread 0x00007f9292006000 Threw 0x00000007d5a46dd0 at /HUDSON/workspace/7u-2-build-macosx-x86_64/jdk7u71/1605/hotspot/src/share/vm/prims/jvm.cpp:1281
Event: 5.203 Thread 0x00007f9292006000 Threw 0x00000007d5a49c18 at /HUDSON/workspace/7u-2-build-macosx-x86_64/jdk7u71/1605/hotspot/src/share/vm/prims/jvm.cpp:1281
Event: 5.214 Thread 0x00007f9292006000 Threw 0x00000007d5a4f1f8 at /HUDSON/workspace/7u-2-build-macosx-x86_64/jdk7u71/1605/hotspot/src/share/vm/prims/jvm.cpp:1281
Event: 5.215 Thread 0x00007f9292006000 Threw 0x00000007d5a538a8 at /HUDSON/workspace/7u-2-build-macosx-x86_64/jdk7u71/1605/hotspot/src/share/vm/prims/jvm.cpp:1281
Event: 12.752 Thread 0x00007f9292006000 Threw 0x00000007d5a642d8 at /HUDSON/workspace/7u-2-build-macosx-x86_64/jdk7u71/1605/hotspot/src/share/vm/prims/jvm.cpp:1281
Event: 27.459 Thread 0x00007f9292006000 Threw 0x00000007d5a7ec08 at /HUDSON/workspace/7u-2-build-macosx-x86_64/jdk7u71/1605/hotspot/src/share/vm/prims/jvm.cpp:1281

Events (10 events):
Event: 5.215 loading class 0x00007f9291ca99c0
Event: 5.215 loading class 0x00007f9291ca99c0 done
Event: 5.216 loading class 0x00000001191ae480
Event: 5.217 loading class 0x00000001191ae480 done
Event: 5.809 Executing VM operation: EnableBiasedLocking
Event: 5.809 Executing VM operation: EnableBiasedLocking done
Event: 12.752 loading class 0x00007f9291df3a80
Event: 12.752 loading class 0x00007f9291df3a80 done
Event: 27.459 loading class 0x00007f9291c8bc30
Event: 27.459 loading class 0x00007f9291c8bc30 done


Dynamic libraries:
0x000000000c61e000 	/System/Library/Frameworks/Cocoa.framework/Versions/A/Cocoa
0x000000000c61e000 	/System/Library/Frameworks/Security.framework/Versions/A/Security
0x000000000c61e000 	/System/Library/Frameworks/ApplicationServices.framework/Versions/A/ApplicationServices
0x000000000c61e000 	/usr/lib/libz.1.dylib
0x000000000c61e000 	/usr/lib/libSystem.B.dylib
0x000000000c61e000 	/usr/lib/libobjc.A.dylib
0x000000000c61e000 	/System/Library/Frameworks/CoreFoundation.framework/Versions/A/CoreFoundation
0x000000000c61e000 	/System/Library/Frameworks/Foundation.framework/Versions/C/Foundation
0x000000000c61e000 	/System/Library/Frameworks/AppKit.framework/Versions/C/AppKit
0x000000000c61e000 	/System/Library/Frameworks/CoreData.framework/Versions/A/CoreData
0x000000000c61e000 	/System/Library/PrivateFrameworks/RemoteViewServices.framework/Versions/A/RemoteViewServices
0x000000000c61e000 	/System/Library/PrivateFrameworks/UIFoundation.framework/Versions/A/UIFoundation
0x000000000c61e000 	/System/Library/Frameworks/IOSurface.framework/Versions/A/IOSurface
0x000000000c61e000 	/System/Library/Frameworks/AudioToolbox.framework/Versions/A/AudioToolbox
0x000000000c61e000 	/System/Library/Frameworks/AudioUnit.framework/Versions/A/AudioUnit
0x000000000c61e000 	/System/Library/PrivateFrameworks/DataDetectorsCore.framework/Versions/A/DataDetectorsCore
0x000000000c61e000 	/System/Library/PrivateFrameworks/DesktopServicesPriv.framework/Versions/A/DesktopServicesPriv
0x000000000c61e000 	/System/Library/Frameworks/Carbon.framework/Versions/A/Frameworks/HIToolbox.framework/Versions/A/HIToolbox
0x000000000c61e000 	/System/Library/Frameworks/QuartzCore.framework/Versions/A/QuartzCore
0x000000000c61e000 	/System/Library/Frameworks/Carbon.framework/Versions/A/Frameworks/SpeechRecognition.framework/Versions/A/SpeechRecognition
0x000000000c61e000 	/usr/lib/libauto.dylib
0x000000000c61e000 	/usr/lib/libicucore.A.dylib
0x000000000c61e000 	/usr/lib/libxml2.2.dylib
0x000000000c61e000 	/System/Library/PrivateFrameworks/CoreUI.framework/Versions/A/CoreUI
0x000000000c61e000 	/System/Library/Frameworks/CoreAudio.framework/Versions/A/CoreAudio
0x000000000c61e000 	/System/Library/Frameworks/DiskArbitration.framework/Versions/A/DiskArbitration
0x000000000c61e000 	/usr/lib/liblangid.dylib
0x000000000c61e000 	/System/Library/PrivateFrameworks/MultitouchSupport.framework/Versions/A/MultitouchSupport
0x000000000c61e000 	/System/Library/Frameworks/IOKit.framework/Versions/A/IOKit
0x000000000c61e000 	/usr/lib/libDiagnosticMessagesClient.dylib
0x000000000c61e000 	/System/Library/Frameworks/CoreServices.framework/Versions/A/CoreServices
0x000000000c61e000 	/System/Library/PrivateFrameworks/PerformanceAnalysis.framework/Versions/A/PerformanceAnalysis
0x000000000c61e000 	/System/Library/PrivateFrameworks/GenerationalStorage.framework/Versions/A/GenerationalStorage
0x000000000c61e000 	/System/Library/Frameworks/OpenGL.framework/Versions/A/OpenGL
0x000000000c61e000 	/System/Library/PrivateFrameworks/Sharing.framework/Versions/A/Sharing
0x000000000c61e000 	/System/Library/Frameworks/CoreGraphics.framework/Versions/A/CoreGraphics
0x000000000c61e000 	/System/Library/Frameworks/CoreText.framework/Versions/A/CoreText
0x000000000c61e000 	/System/Library/Frameworks/ImageIO.framework/Versions/A/ImageIO
0x000000000c61e000 	/usr/lib/libextension.dylib
0x000000000c61e000 	/System/Library/PrivateFrameworks/Backup.framework/Versions/A/Backup
0x000000000c61e000 	/usr/lib/libarchive.2.dylib
0x000000000c61e000 	/System/Library/Frameworks/CFNetwork.framework/Versions/A/CFNetwork
0x000000000c61e000 	/System/Library/Frameworks/SystemConfiguration.framework/Versions/A/SystemConfiguration
0x000000000c61e000 	/usr/lib/libCRFSuite.dylib
0x000000000c61e000 	/usr/lib/libc++.1.dylib
0x000000000c61e000 	/usr/lib/libc++abi.dylib
0x000000000c61e000 	/usr/lib/system/libcache.dylib
0x000000000c61e000 	/usr/lib/system/libcommonCrypto.dylib
0x000000000c61e000 	/usr/lib/system/libcompiler_rt.dylib
0x000000000c61e000 	/usr/lib/system/libcopyfile.dylib
0x000000000c61e000 	/usr/lib/system/libcorecrypto.dylib
0x000000000c61e000 	/usr/lib/system/libdispatch.dylib
0x000000000c61e000 	/usr/lib/system/libdyld.dylib
0x000000000c61e000 	/usr/lib/system/libkeymgr.dylib
0x000000000c61e000 	/usr/lib/system/liblaunch.dylib
0x000000000c61e000 	/usr/lib/system/libmacho.dylib
0x000000000c61e000 	/usr/lib/system/libquarantine.dylib
0x000000000c61e000 	/usr/lib/system/libremovefile.dylib
0x000000000c61e000 	/usr/lib/system/libsystem_asl.dylib
0x000000000c61e000 	/usr/lib/system/libsystem_blocks.dylib
0x000000000c61e000 	/usr/lib/system/libsystem_c.dylib
0x000000000c61e000 	/usr/lib/system/libsystem_configuration.dylib
0x000000000c61e000 	/usr/lib/system/libsystem_coreservices.dylib
0x000000000c61e000 	/usr/lib/system/libsystem_coretls.dylib
0x000000000c61e000 	/usr/lib/system/libsystem_dnssd.dylib
0x000000000c61e000 	/usr/lib/system/libsystem_info.dylib
0x000000000c61e000 	/usr/lib/system/libsystem_kernel.dylib
0x000000000c61e000 	/usr/lib/system/libsystem_m.dylib
0x000000000c61e000 	/usr/lib/system/libsystem_malloc.dylib
0x000000000c61e000 	/usr/lib/system/libsystem_network.dylib
0x000000000c61e000 	/usr/lib/system/libsystem_networkextension.dylib
0x000000000c61e000 	/usr/lib/system/libsystem_notify.dylib
0x000000000c61e000 	/usr/lib/system/libsystem_platform.dylib
0x000000000c61e000 	/usr/lib/system/libsystem_pthread.dylib
0x000000000c61e000 	/usr/lib/system/libsystem_sandbox.dylib
0x000000000c61e000 	/usr/lib/system/libsystem_secinit.dylib
0x000000000c61e000 	/usr/lib/system/libsystem_stats.dylib
0x000000000c61e000 	/usr/lib/system/libsystem_trace.dylib
0x000000000c61e000 	/usr/lib/system/libunc.dylib
0x000000000c61e000 	/usr/lib/system/libunwind.dylib
0x000000000c61e000 	/usr/lib/system/libxpc.dylib
0x000000000c61e000 	/usr/lib/libbz2.1.0.dylib
0x000000000c61e000 	/usr/lib/liblzma.5.dylib
0x000000000c61e000 	/usr/lib/libbsm.0.dylib
0x000000000c61e000 	/usr/lib/libsqlite3.dylib
0x000000000c61e000 	/usr/lib/system/libkxld.dylib
0x000000000c61e000 	/usr/lib/libxar.1.dylib
0x000000000c61e000 	/usr/lib/libpam.2.dylib
0x000000000c61e000 	/usr/lib/libOpenScriptingUtil.dylib
0x000000000c61e000 	/System/Library/Frameworks/CoreServices.framework/Versions/A/Frameworks/FSEvents.framework/Versions/A/FSEvents
0x000000000c61e000 	/System/Library/Frameworks/CoreServices.framework/Versions/A/Frameworks/CarbonCore.framework/Versions/A/CarbonCore
0x000000000c61e000 	/System/Library/Frameworks/CoreServices.framework/Versions/A/Frameworks/Metadata.framework/Versions/A/Metadata
0x000000000c61e000 	/System/Library/Frameworks/CoreServices.framework/Versions/A/Frameworks/OSServices.framework/Versions/A/OSServices
0x000000000c61e000 	/System/Library/Frameworks/CoreServices.framework/Versions/A/Frameworks/SearchKit.framework/Versions/A/SearchKit
0x000000000c61e000 	/System/Library/Frameworks/CoreServices.framework/Versions/A/Frameworks/AE.framework/Versions/A/AE
0x000000000c61e000 	/System/Library/Frameworks/CoreServices.framework/Versions/A/Frameworks/LaunchServices.framework/Versions/A/LaunchServices
0x000000000c61e000 	/System/Library/Frameworks/CoreServices.framework/Versions/A/Frameworks/DictionaryServices.framework/Versions/A/DictionaryServices
0x000000000c61e000 	/System/Library/Frameworks/NetFS.framework/Versions/A/NetFS
0x000000000c61e000 	/System/Library/PrivateFrameworks/NetAuth.framework/Versions/A/NetAuth
0x000000000c61e000 	/System/Library/PrivateFrameworks/login.framework/Versions/A/Frameworks/loginsupport.framework/Versions/A/loginsupport
0x000000000c61e000 	/System/Library/PrivateFrameworks/TCC.framework/Versions/A/TCC
0x000000000c61e000 	/usr/lib/libmecabra.dylib
0x000000000c61e000 	/System/Library/PrivateFrameworks/LanguageModeling.framework/Versions/A/LanguageModeling
0x000000000c61e000 	/usr/lib/libcmph.dylib
0x000000000c61e000 	/usr/lib/libiconv.2.dylib
0x000000000c61e000 	/System/Library/Frameworks/OpenDirectory.framework/Versions/A/Frameworks/CFOpenDirectory.framework/Versions/A/CFOpenDirectory
0x000000000c61e000 	/System/Library/Frameworks/ServiceManagement.framework/Versions/A/ServiceManagement
0x000000000c61e000 	/usr/lib/libxslt.1.dylib
0x000000000c61e000 	/System/Library/Frameworks/Carbon.framework/Versions/A/Frameworks/Ink.framework/Versions/A/Ink
0x000000000c61e000 	/System/Library/Frameworks/ApplicationServices.framework/Versions/A/Frameworks/ATS.framework/Versions/A/ATS
0x000000000c61e000 	/System/Library/Frameworks/ApplicationServices.framework/Versions/A/Frameworks/ColorSync.framework/Versions/A/ColorSync
0x000000000c61e000 	/System/Library/Frameworks/ApplicationServices.framework/Versions/A/Frameworks/HIServices.framework/Versions/A/HIServices
0x000000000c61e000 	/System/Library/Frameworks/ApplicationServices.framework/Versions/A/Frameworks/LangAnalysis.framework/Versions/A/LangAnalysis
0x000000000c61e000 	/System/Library/Frameworks/ApplicationServices.framework/Versions/A/Frameworks/PrintCore.framework/Versions/A/PrintCore
0x000000000c61e000 	/System/Library/Frameworks/ApplicationServices.framework/Versions/A/Frameworks/QD.framework/Versions/A/QD
0x000000000c61e000 	/System/Library/Frameworks/ApplicationServices.framework/Versions/A/Frameworks/SpeechSynthesis.framework/Versions/A/SpeechSynthesis
0x000000000c61e000 	/System/Library/Frameworks/Accelerate.framework/Versions/A/Accelerate
0x000000000c61e000 	/System/Library/Frameworks/Accelerate.framework/Versions/A/Frameworks/vImage.framework/Versions/A/vImage
0x000000000c61e000 	/System/Library/Frameworks/Accelerate.framework/Versions/A/Frameworks/vecLib.framework/Versions/A/vecLib
0x000000000c61e000 	/System/Library/Frameworks/Accelerate.framework/Versions/A/Frameworks/vecLib.framework/Versions/A/libvDSP.dylib
0x000000000c61e000 	/System/Library/Frameworks/Accelerate.framework/Versions/A/Frameworks/vecLib.framework/Versions/A/libvMisc.dylib
0x000000000c61e000 	/System/Library/Frameworks/Accelerate.framework/Versions/A/Frameworks/vecLib.framework/Versions/A/libLAPACK.dylib
0x000000000c61e000 	/System/Library/Frameworks/Accelerate.framework/Versions/A/Frameworks/vecLib.framework/Versions/A/libBLAS.dylib
0x000000000c61e000 	/System/Library/Frameworks/Accelerate.framework/Versions/A/Frameworks/vecLib.framework/Versions/A/libLinearAlgebra.dylib
0x000000000c61e000 	/System/Library/Frameworks/ApplicationServices.framework/Versions/A/Frameworks/ATS.framework/Versions/A/Resources/libFontParser.dylib
0x000000000c61e000 	/System/Library/Frameworks/ApplicationServices.framework/Versions/A/Frameworks/ATS.framework/Versions/A/Resources/libFontRegistry.dylib
0x000000000c61e000 	/System/Library/PrivateFrameworks/AppleVPA.framework/Versions/A/AppleVPA
0x000000000c61e000 	/System/Library/PrivateFrameworks/AppleJPEG.framework/Versions/A/AppleJPEG
0x000000000c61e000 	/System/Library/Frameworks/ImageIO.framework/Versions/A/Resources/libJPEG.dylib
0x000000000c61e000 	/System/Library/Frameworks/ImageIO.framework/Versions/A/Resources/libTIFF.dylib
0x000000000c61e000 	/System/Library/Frameworks/ImageIO.framework/Versions/A/Resources/libPng.dylib
0x000000000c61e000 	/System/Library/Frameworks/ImageIO.framework/Versions/A/Resources/libGIF.dylib
0x000000000c61e000 	/System/Library/Frameworks/ImageIO.framework/Versions/A/Resources/libJP2.dylib
0x000000000c61e000 	/System/Library/Frameworks/ImageIO.framework/Versions/A/Resources/libRadiance.dylib
0x000000000c61e000 	/System/Library/Frameworks/CoreVideo.framework/Versions/A/CoreVideo
0x000000000c61e000 	/System/Library/Frameworks/OpenGL.framework/Versions/A/Libraries/libGLU.dylib
0x000000000c61e000 	/System/Library/Frameworks/OpenGL.framework/Versions/A/Libraries/libGFXShared.dylib
0x000000000c61e000 	/System/Library/Frameworks/OpenGL.framework/Versions/A/Libraries/libGL.dylib
0x000000000c61e000 	/System/Library/Frameworks/OpenGL.framework/Versions/A/Libraries/libGLImage.dylib
0x000000000c61e000 	/System/Library/Frameworks/OpenGL.framework/Versions/A/Libraries/libCVMSPluginSupport.dylib
0x000000000c61e000 	/System/Library/Frameworks/OpenGL.framework/Versions/A/Libraries/libCoreVMClient.dylib
0x000000000c61e000 	/usr/lib/libcups.2.dylib
0x000000000c61e000 	/System/Library/Frameworks/Kerberos.framework/Versions/A/Kerberos
0x000000000c61e000 	/System/Library/Frameworks/GSS.framework/Versions/A/GSS
0x000000000c61e000 	/usr/lib/libresolv.9.dylib
0x000000000c61e000 	/System/Library/PrivateFrameworks/Heimdal.framework/Versions/A/Heimdal
0x000000000c61e000 	/usr/lib/libheimdal-asn1.dylib
0x000000000c61e000 	/System/Library/Frameworks/OpenDirectory.framework/Versions/A/OpenDirectory
0x000000000c61e000 	/System/Library/PrivateFrameworks/CommonAuth.framework/Versions/A/CommonAuth
0x000000000c61e000 	/System/Library/Frameworks/SecurityFoundation.framework/Versions/A/SecurityFoundation
0x000000000c61e000 	/System/Library/Frameworks/QuartzCore.framework/Versions/A/Frameworks/CoreImage.framework/Versions/A/CoreImage
0x000000000c61e000 	/System/Library/PrivateFrameworks/CrashReporterSupport.framework/Versions/A/CrashReporterSupport
0x000000000c61e000 	/System/Library/Frameworks/OpenCL.framework/Versions/A/OpenCL
0x000000000c61e000 	/System/Library/PrivateFrameworks/FaceCore.framework/Versions/A/FaceCore
0x000000000c61e000 	/System/Library/PrivateFrameworks/Ubiquity.framework/Versions/A/Ubiquity
0x000000000c61e000 	/System/Library/PrivateFrameworks/IconServices.framework/Versions/A/IconServices
0x000000000c61e000 	/System/Library/PrivateFrameworks/ChunkingLibrary.framework/Versions/A/ChunkingLibrary
0x000000000c61e000 	/System/Library/PrivateFrameworks/Apple80211.framework/Versions/A/Apple80211
0x000000000c61e000 	/System/Library/Frameworks/CoreWLAN.framework/Versions/A/CoreWLAN
0x000000000c61e000 	/System/Library/Frameworks/IOBluetooth.framework/Versions/A/IOBluetooth
0x000000000c61e000 	/System/Library/PrivateFrameworks/CoreWiFi.framework/Versions/A/CoreWiFi
0x000000000c61e000 	/System/Library/Frameworks/CoreBluetooth.framework/Versions/A/CoreBluetooth
0x000000000c61e000 	/System/Library/PrivateFrameworks/DebugSymbols.framework/Versions/A/DebugSymbols
0x000000000c61e000 	/System/Library/PrivateFrameworks/CoreSymbolication.framework/Versions/A/CoreSymbolication
0x000000000c61e000 	/System/Library/PrivateFrameworks/Symbolication.framework/Versions/A/Symbolication
0x000000000c61e000 	/System/Library/PrivateFrameworks/SpeechRecognitionCore.framework/Versions/A/SpeechRecognitionCore
0x00000001100c9000 	/Library/Java/JavaVirtualMachines/jdk1.7.0_71.jdk/Contents/Home/jre/lib/server/libjvm.dylib
0x000000000c61e000 	/usr/lib/libstdc++.6.dylib
0x0000000110b40000 	/Library/Java/JavaVirtualMachines/jdk1.7.0_71.jdk/Contents/Home/jre/lib/libverify.dylib
0x0000000110b4d000 	/Library/Java/JavaVirtualMachines/jdk1.7.0_71.jdk/Contents/Home/jre/lib/libjava.dylib
0x0000000110b87000 	/Library/Java/JavaVirtualMachines/jdk1.7.0_71.jdk/Contents/Home/jre/lib/libzip.dylib
0x0000000110be4000 	/System/Library/Frameworks/JavaVM.framework/Frameworks/JavaRuntimeSupport.framework/JavaRuntimeSupport
0x000000011a0d8000 	/System/Library/Frameworks/JavaVM.framework/Versions/A/Frameworks/JavaNativeFoundation.framework/Versions/A/JavaNativeFoundation
0x000000011a0ed000 	/System/Library/Frameworks/JavaVM.framework/Versions/A/JavaVM
0x000000000c61e000 	/System/Library/Frameworks/Carbon.framework/Versions/A/Carbon
0x000000011a0fa000 	/System/Library/PrivateFrameworks/JavaLaunching.framework/Versions/A/JavaLaunching
0x000000000c61e000 	/System/Library/Frameworks/Carbon.framework/Versions/A/Frameworks/CommonPanels.framework/Versions/A/CommonPanels
0x000000000c61e000 	/System/Library/Frameworks/Carbon.framework/Versions/A/Frameworks/Help.framework/Versions/A/Help
0x000000000c61e000 	/System/Library/Frameworks/Carbon.framework/Versions/A/Frameworks/ImageCapture.framework/Versions/A/ImageCapture
0x000000000c61e000 	/System/Library/Frameworks/Carbon.framework/Versions/A/Frameworks/OpenScripting.framework/Versions/A/OpenScripting
0x000000000c61e000 	/System/Library/Frameworks/Carbon.framework/Versions/A/Frameworks/Print.framework/Versions/A/Print
0x000000000c61e000 	/System/Library/Frameworks/Carbon.framework/Versions/A/Frameworks/SecurityHI.framework/Versions/A/SecurityHI
0x000000011be60000 	/Library/Java/JavaVirtualMachines/jdk1.7.0_71.jdk/Contents/Home/jre/lib/libawt.dylib
0x000000011bf0f000 	/Library/Java/JavaVirtualMachines/jdk1.7.0_71.jdk/Contents/Home/jre/lib/./libmlib_image.dylib
0x000000011bfdb000 	/Library/Java/JavaVirtualMachines/jdk1.7.0_71.jdk/Contents/Home/jre/lib/lwawt/liblwawt.dylib
0x000000011c08f000 	/Library/Java/JavaVirtualMachines/jdk1.7.0_71.jdk/Contents/Home/jre/lib/libosxapp.dylib
0x000000000c61e000 	/System/Library/Frameworks/ExceptionHandling.framework/Versions/A/ExceptionHandling
0x000000000c61e000 	/System/Library/PrivateFrameworks/CoreServicesInternal.framework/Versions/A/CoreServicesInternal
0x000000000c61e000 	/System/Library/PrivateFrameworks/CloudDocs.framework/Versions/A/CloudDocs
0x000000000c61e000 	/System/Library/PrivateFrameworks/CoreDuet.framework/Versions/A/CoreDuet
0x000000000c61e000 	/System/Library/Frameworks/CloudKit.framework/Versions/A/CloudKit
0x000000000c61e000 	/System/Library/PrivateFrameworks/ProtocolBuffer.framework/Versions/A/ProtocolBuffer
0x000000000c61e000 	/System/Library/PrivateFrameworks/CoreDuetDaemonProtocol.framework/Versions/A/CoreDuetDaemonProtocol
0x000000000c61e000 	/System/Library/PrivateFrameworks/CoreDuetDebugLogging.framework/Versions/A/CoreDuetDebugLogging
0x000000000c61e000 	/System/Library/Frameworks/CoreLocation.framework/Versions/A/CoreLocation
0x000000000c61e000 	/System/Library/Frameworks/Accounts.framework/Versions/A/Accounts
0x000000000c61e000 	/System/Library/PrivateFrameworks/ApplePushService.framework/Versions/A/ApplePushService
0x000000000c61e000 	/System/Library/PrivateFrameworks/GeoServices.framework/Versions/A/GeoServices
0x000000000c61e000 	/System/Library/PrivateFrameworks/OAuth.framework/Versions/A/OAuth
0x000000000c61e000 	/System/Library/PrivateFrameworks/CoreDaemon.framework/Versions/B/CoreDaemon
0x000000000c61e000 	/usr/lib/libcrypto.0.9.8.dylib
0x000000000c61e000 	/System/Library/PrivateFrameworks/AppleSRP.framework/Versions/A/AppleSRP
0x000000000c61e000 	/System/Library/PrivateFrameworks/TrustEvaluationAgent.framework/Versions/A/TrustEvaluationAgent
0x000000000c61e000 	/System/Library/Frameworks/CoreGraphics.framework/Versions/A/Resources/libCGCMS.A.dylib
0x000000000c61e000 	/System/Library/Frameworks/CoreGraphics.framework/Versions/A/Resources/libRIP.A.dylib
0x000000000c61e000 	/System/Library/Frameworks/CoreGraphics.framework/Versions/A/Resources/libCGXType.A.dylib
0x000000000c61e000 	/System/Library/Frameworks/OpenCL.framework/Versions/A/Libraries/libcldcpuengine.dylib
0x000000000c61e000 	/System/Library/PrivateFrameworks/DiskImages.framework/Versions/A/DiskImages
0x000000000c61e000 	/System/Library/Frameworks/DiscRecording.framework/Versions/A/DiscRecording
0x000000000c61e000 	/usr/lib/libcsfde.dylib
0x000000000c61e000 	/usr/lib/libcurl.4.dylib
0x000000000c61e000 	/System/Library/PrivateFrameworks/MediaKit.framework/Versions/A/MediaKit
0x000000000c61e000 	/System/Library/PrivateFrameworks/ProtectedCloudStorage.framework/Versions/A/ProtectedCloudStorage
0x000000000c61e000 	/usr/lib/libCoreStorage.dylib
0x000000000c61e000 	/System/Library/PrivateFrameworks/EFILogin.framework/Versions/A/EFILogin
0x000000000c61e000 	/usr/lib/libutil.dylib
0x000000000c61e000 	/System/Library/PrivateFrameworks/FindMyDevice.framework/Versions/A/FindMyDevice
0x000000000c61e000 	/System/Library/Frameworks/LDAP.framework/Versions/A/LDAP
0x000000000c61e000 	/usr/lib/libsasl2.2.dylib
0x000000011ecba000 	cl_kernels
0x000000011ecbc000 	/System/Library/Frameworks/OpenCL.framework/Versions/A/Libraries/ImageFormats/unorm8_bgra.dylib
0x000000011ecab000 	cl_kernels
0x000000000c61e000 	/System/Library/PrivateFrameworks/FamilyControls.framework/Versions/A/FamilyControls
0x000000000c61e000 	/System/Library/PrivateFrameworks/CommerceKit.framework/Versions/A/Frameworks/CommerceCore.framework/Versions/A/CommerceCore
0x000000000c61e000 	/System/Library/PrivateFrameworks/SystemAdministration.framework/Versions/A/SystemAdministration
0x000000000c61e000 	/System/Library/PrivateFrameworks/AppContainer.framework/Versions/A/AppContainer
0x000000000c61e000 	/System/Library/PrivateFrameworks/SecCodeWrapper.framework/Versions/A/SecCodeWrapper
0x000000000c61e000 	/System/Library/Frameworks/DirectoryService.framework/Versions/A/DirectoryService
0x000000000c61e000 	/System/Library/PrivateFrameworks/LoginUIKit.framework/Versions/A/Frameworks/LoginUICore.framework/Versions/A/LoginUICore
0x000000000c61e000 	/usr/lib/libodfde.dylib
0x000000011ff3a000 	/Library/Java/JavaVirtualMachines/jdk1.7.0_71.jdk/Contents/Home/jre/lib/libfontmanager.dylib
0x000000011ffa1000 	/Users/bjornkjellgren/git/galactica/lib/natives/macosx/liblwjgl.jnilib
0x000000011e1f1000 	/Library/Java/JavaVirtualMachines/jdk1.7.0_71.jdk/Contents/Home/jre/lib/libjawt.dylib
0x000000000c61e000 	/System/Library/Frameworks/OpenGL.framework/Versions/A/Resources/GLEngine.bundle/GLEngine
0x000000000c61e000 	/System/Library/Frameworks/OpenGL.framework/Versions/A/Libraries/libGLProgrammability.dylib
0x0000000000000000 	/System/Library/Extensions/GeForceTeslaGLDriver.bundle/Contents/MacOS/GeForceTeslaGLDriver
0x0000000120020000 	/System/Library/Extensions/GeForceTeslaGLDriver.bundle/Contents/MacOS/libclh.dylib
0x000000011e1f4000 	/System/Library/PrivateFrameworks/GPUSupport.framework/Versions/A/Libraries/libGPUSupport.dylib
0x000000000c61e000 	/System/Library/Frameworks/OpenGL.framework/Versions/A/Resources/GLRendererFloat.bundle/GLRendererFloat

VM Arguments:
jvm_args: -Djava.library.path=/Users/bjornkjellgren/git/galactica/lib/natives/macosx:/Users/bjornkjellgren/git/galactica/lib/natives/macosx -Dfile.encoding=UTF-8 
java_command: Main
Launcher Type: SUN_STANDARD

Environment Variables:
PATH=/usr/bin:/bin:/usr/sbin:/sbin
SHELL=/bin/bash
DISPLAY=/private/tmp/com.apple.launchd.ZnkBSrtmYX/org.macosforge.xquartz:0

Signal Handlers:
SIGSEGV: [libjvm.dylib+0x52c49d], sa_mask[0]=0xfffefeff, sa_flags=0x00000043
SIGBUS: [libjvm.dylib+0x52c49d], sa_mask[0]=0xfffefeff, sa_flags=0x00000042
SIGFPE: [libjvm.dylib+0x41e53a], sa_mask[0]=0xfffefeff, sa_flags=0x00000042
SIGPIPE: [libjvm.dylib+0x41e53a], sa_mask[0]=0xfffefeff, sa_flags=0x00000042
SIGXFSZ: [libjvm.dylib+0x41e53a], sa_mask[0]=0xfffefeff, sa_flags=0x00000042
SIGILL: [libjvm.dylib+0x41e53a], sa_mask[0]=0xfffefeff, sa_flags=0x00000042
SIGUSR1: SIG_DFL, sa_mask[0]=0x00000000, sa_flags=0x00000000
SIGUSR2: [libjvm.dylib+0x41e02c], sa_mask[0]=0x00000004, sa_flags=0x00000042
SIGHUP: [libjvm.dylib+0x41c2bd], sa_mask[0]=0xfffefeff, sa_flags=0x00000042
SIGINT: [libjvm.dylib+0x41c2bd], sa_mask[0]=0xfffefeff, sa_flags=0x00000042
SIGTERM: [libjvm.dylib+0x41c2bd], sa_mask[0]=0xfffefeff, sa_flags=0x00000042
SIGQUIT: [libjvm.dylib+0x41c2bd], sa_mask[0]=0xfffefeff, sa_flags=0x00000042


---------------  S Y S T E M  ---------------

OS:Bsduname:Darwin 14.0.0 Darwin Kernel Version 14.0.0: Fri Sep 19 00:26:44 PDT 2014; root:xnu-2782.1.97~2/RELEASE_X86_64 x86_64
rlimit: STACK 8192k, CORE 0k, NPROC 709, NOFILE 10240, AS infinity
load average:2.06 2.27 1.93

CPU:total 2 (2 cores per cpu, 1 threads per core) family 6 model 23 stepping 10, cmov, cx8, fxsr, mmx, sse, sse2, sse3, ssse3, sse4.1, tsc

Memory: 4k page, physical 8388608k(2097152k free)

/proc/meminfo:


vm_info: Java HotSpot(TM) 64-Bit Server VM (24.71-b01) for bsd-amd64 JRE (1.7.0_71-b14), built on Sep 26 2014 16:11:44 by "java_re" with gcc 4.2.1 (Based on Apple Inc. build 5658) (LLVM build 2336.11.00)

time: Sat Nov 15 17:25:15 2014
elapsed time: 27 seconds

